2024-08-28 14:36:49,983 [INFO] Activator:176 - 


2024-08-28 14:36:49,990 [INFO] Activator:177 - !SESSION log4j initialized
2024-08-28 14:36:57,739 [INFO] LogOutputStream:77 - [STDOUT_REDIRECT] 
2024-08-28 14:37:01,365 [INFO] ApplicationProperties:184 - Using Application install path: C:\ST\STM32CubeIDE_1.16.0\STM32CubeIDE\plugins\com.st.stm32cube.common.mx_6.12.0.202406281431
2024-08-28 14:37:01,390 [INFO] DbMcusXml:78 - Set database path to: C:\ST\STM32CubeIDE_1.16.0\STM32CubeIDE\plugins\com.st.stm32cube.common.mx_6.12.0.202406281431\\db\/mcu/
2024-08-28 14:37:01,390 [INFO] ApiDb:274 - Set plugin database path to: C:\ST\STM32CubeIDE_1.16.0\STM32CubeIDE\plugins\com.st.stm32cube.common.mx_6.12.0.202406281431\\db\/plugins/boardmanager/
2024-08-28 14:37:01,391 [WARN] ApiDb:259 - Overriding images path with different value:  => C:\ST\STM32CubeIDE_1.16.0\STM32CubeIDE\plugins\com.st.stm32cube.common.mx_6.12.0.202406281431\\db\/plugins/mcufinder/images/
2024-08-28 14:37:01,410 [INFO] ApiDb:250 - Set database path to: C:\Users\artur\.stmcufinder\plugins\mcufinder//mcu/
2024-08-28 14:37:01,411 [INFO] DbMcusAds:125 - Set database path to: C:\Users\artur\.stmcufinder\plugins\mcufinder//mcu/
2024-08-28 14:37:01,415 [INFO] CrossReferenceDbSqlite:203 - Set database path to: C:\Users\artur\.stmcufinder\plugins\mcufinder//mcu/cs/
2024-08-28 14:37:01,573 [INFO] RulesReader:64 - Compatibility file has been processed (297 Rules)
2024-08-28 14:37:01,699 [INFO] DbMcusXml:78 - Set database path to: C:\ST\STM32CubeIDE_1.16.0\STM32CubeIDE\plugins\com.st.stm32cube.common.mx_6.12.0.202406281431\\db\/mcu/
2024-08-28 14:37:01,700 [INFO] ApiDb:274 - Set plugin database path to: C:\ST\STM32CubeIDE_1.16.0\STM32CubeIDE\plugins\com.st.stm32cube.common.mx_6.12.0.202406281431\\db\/plugins/boardmanager/
2024-08-28 14:37:01,700 [INFO] ApiDb:261 - Set plugin images path to: C:\ST\STM32CubeIDE_1.16.0\STM32CubeIDE\plugins\com.st.stm32cube.common.mx_6.12.0.202406281431\\db\/plugins/mcufinder/images/
2024-08-28 14:37:01,700 [WARN] DbFile:41 - Overriding database path with different value: C:\Users\artur\.stmcufinder\plugins\mcufinder/ => C:\Users\artur\.stmcufinder\plugins\mcufinder
2024-08-28 14:37:01,700 [INFO] ApiDb:250 - Set database path to: C:\Users\artur\.stmcufinder\plugins\mcufinder//mcu/
2024-08-28 14:37:01,700 [WARN] DbFile:41 - Overriding database path with different value: C:\Users\artur\.stmcufinder\plugins\mcufinder/ => C:\Users\artur\.stmcufinder\plugins\mcufinder
2024-08-28 14:37:01,701 [INFO] DbMcusAds:125 - Set database path to: C:\Users\artur\.stmcufinder\plugins\mcufinder//mcu/
2024-08-28 14:37:01,701 [WARN] DbFile:41 - Overriding database path with different value: C:\Users\artur\.stmcufinder\plugins\mcufinder/ => C:\Users\artur\.stmcufinder\plugins\mcufinder
2024-08-28 14:37:01,701 [WARN] DbFile:41 - Overriding database path with different value: C:\Users\artur\.stmcufinder\plugins\mcufinder/ => C:\Users\artur\.stmcufinder\plugins\mcufinder
2024-08-28 14:37:01,701 [INFO] CrossReferenceDbSqlite:203 - Set database path to: C:\Users\artur\.stmcufinder\plugins\mcufinder//mcu/cs/
2024-08-28 14:37:01,830 [INFO] MainPanel:268 - HeapMemory: 268435456
2024-08-28 14:37:01,968 [INFO] DbMcusXml:78 - Set database path to: C:\ST\STM32CubeIDE_1.16.0\STM32CubeIDE\plugins\com.st.stm32cube.common.mx_6.12.0.202406281431\\db\/mcu/
2024-08-28 14:37:01,968 [INFO] ApiDb:274 - Set plugin database path to: C:\ST\STM32CubeIDE_1.16.0\STM32CubeIDE\plugins\com.st.stm32cube.common.mx_6.12.0.202406281431\\db\/plugins/boardmanager/
2024-08-28 14:37:01,968 [INFO] ApiDb:261 - Set plugin images path to: C:\ST\STM32CubeIDE_1.16.0\STM32CubeIDE\plugins\com.st.stm32cube.common.mx_6.12.0.202406281431\\db\/plugins/mcufinder/images/
2024-08-28 14:37:01,969 [WARN] DbFile:41 - Overriding database path with different value: C:\Users\artur\.stmcufinder\plugins\mcufinder/ => C:\Users\artur\.stmcufinder\plugins\mcufinder
2024-08-28 14:37:01,969 [INFO] ApiDb:250 - Set database path to: C:\Users\artur\.stmcufinder\plugins\mcufinder//mcu/
2024-08-28 14:37:01,969 [WARN] DbFile:41 - Overriding database path with different value: C:\Users\artur\.stmcufinder\plugins\mcufinder/ => C:\Users\artur\.stmcufinder\plugins\mcufinder
2024-08-28 14:37:01,969 [INFO] DbMcusAds:125 - Set database path to: C:\Users\artur\.stmcufinder\plugins\mcufinder//mcu/
2024-08-28 14:37:01,969 [WARN] DbFile:41 - Overriding database path with different value: C:\Users\artur\.stmcufinder\plugins\mcufinder/ => C:\Users\artur\.stmcufinder\plugins\mcufinder
2024-08-28 14:37:01,969 [WARN] DbFile:41 - Overriding database path with different value: C:\Users\artur\.stmcufinder\plugins\mcufinder/ => C:\Users\artur\.stmcufinder\plugins\mcufinder
2024-08-28 14:37:01,969 [INFO] CrossReferenceDbSqlite:203 - Set database path to: C:\Users\artur\.stmcufinder\plugins\mcufinder//mcu/cs/
2024-08-28 14:37:01,989 [INFO] ApplicationProperties:184 - Using Application install path: C:\ST\STM32CubeIDE_1.16.0\STM32CubeIDE\plugins\com.st.stm32cube.common.mx_6.12.0.202406281431
2024-08-28 14:37:01,991 [INFO] PluginManage:196 - Search for loadable plugins [exclusion list=, ]
2024-08-28 14:37:01,993 [INFO] PluginManage:310 - Check plugin analytics
2024-08-28 14:37:02,175 [INFO] AnalyticsPlugin:253 - Accepted Software Licenses: STM32CubeMX.6.9.2
2024-08-28 14:37:02,175 [INFO] AnalyticsPlugin:255 - Accepted CMSIS Pack Licenses: 
2024-08-28 14:37:02,176 [INFO] AnalyticsPlugin:257 - Accepted Firmware Licenses: FW.H7.1.11.0
2024-08-28 14:37:02,178 [INFO] PluginManage:359 - Loaded plugin analytics (category:tool,tabindex:-1)
2024-08-28 14:37:02,179 [INFO] PluginManage:310 - Check plugin cadmodel
2024-08-28 14:37:02,193 [INFO] CADModel:105 - Init CAD model plugin
2024-08-28 14:37:02,193 [INFO] PluginManage:359 - Loaded plugin cadmodel (category:power,tabindex:5)
2024-08-28 14:37:02,193 [INFO] PluginManage:310 - Check plugin clock
2024-08-28 14:37:02,212 [INFO] PluginManage:359 - Loaded plugin clock (category:base,tabindex:2)
2024-08-28 14:37:02,212 [INFO] PluginManage:310 - Check plugin ddr
2024-08-28 14:37:02,214 [INFO] PluginManage:359 - Loaded plugin ddr (category:tool,tabindex:6)
2024-08-28 14:37:02,214 [INFO] PluginManage:310 - Check plugin filemanager
2024-08-28 14:37:02,373 [INFO] PluginManage:359 - Loaded plugin filemanager (category:base,tabindex:10)
2024-08-28 14:37:02,373 [INFO] PluginManage:310 - Check plugin ipmanager
2024-08-28 14:37:02,380 [INFO] PluginManage:359 - Loaded plugin ipmanager (category:base,tabindex:5)
2024-08-28 14:37:02,380 [INFO] PluginManage:310 - Check plugin lpbam
2024-08-28 14:37:02,399 [INFO] PluginManage:359 - Loaded plugin lpbam (category:base,tabindex:0)
2024-08-28 14:37:02,400 [INFO] PluginManage:310 - Check plugin memorymap
2024-08-28 14:37:02,428 [INFO] PluginManage:359 - Loaded plugin memorymap (category:base,tabindex:4)
2024-08-28 14:37:02,428 [INFO] PluginManage:310 - Check plugin pinoutandconfiguration
2024-08-28 14:37:02,445 [INFO] PluginManage:359 - Loaded plugin pinoutandconfiguration (category:base,tabindex:1)
2024-08-28 14:37:02,445 [INFO] PluginManage:310 - Check plugin pinoutconfig
2024-08-28 14:37:02,571 [WARN] SupportedApi:132 - Cannot load RTOS API schema: s4s-elt-must-match.1: The content of 'definitions' must match (annotation?, (simpleType | complexType)?, (unique | key | keyref)*)). A problem was found starting at: attribute.
2024-08-28 14:37:02,740 [INFO] PluginManage:359 - Loaded plugin pinoutconfig (category:base,tabindex:0)
2024-08-28 14:37:02,740 [INFO] PluginManage:310 - Check plugin power
2024-08-28 14:37:02,763 [INFO] PluginManage:359 - Loaded plugin power (category:power,tabindex:4)
2024-08-28 14:37:02,763 [INFO] PluginManage:310 - Check plugin projectmanager
2024-08-28 14:37:02,784 [INFO] PluginManage:359 - Loaded plugin projectmanager (category:projectmanager,tabindex:4)
2024-08-28 14:37:02,784 [INFO] PluginManage:310 - Check plugin rif
2024-08-28 14:37:02,802 [INFO] PluginManage:359 - Loaded plugin rif (category:base,tabindex:3)
2024-08-28 14:37:02,802 [INFO] PluginManage:310 - Check plugin thirdparty
2024-08-28 14:37:03,182 [INFO] PluginManage:359 - Loaded plugin thirdparty (category:base,tabindex:-1)
2024-08-28 14:37:03,182 [WARN] IntegrityCheckThread:84 - waiting for thirdparty lock release [integrity check]
2024-08-28 14:37:03,182 [INFO] PluginManage:310 - Check plugin tools
2024-08-28 14:37:03,182 [INFO] IntegrityCheckThread:86 - entering critical section [integrity check]
2024-08-28 14:37:03,183 [INFO] ThirdPartyUpdaterWithRetryManager:70 - Updater plugin not ready yet. [1/15]
2024-08-28 14:37:03,229 [INFO] PluginManage:359 - Loaded plugin tools (category:base,tabindex:7)
2024-08-28 14:37:03,229 [INFO] PluginManage:310 - Check plugin tutovideos
2024-08-28 14:37:03,475 [INFO] PluginManage:359 - Loaded plugin tutovideos (category:base,tabindex:-1)
2024-08-28 14:37:03,475 [INFO] PluginManage:310 - Check plugin updater
2024-08-28 14:37:03,496 [INFO] PluginManage:359 - Loaded plugin updater (category:base,tabindex:12)
2024-08-28 14:37:03,497 [INFO] PluginManage:310 - Check plugin userauth
2024-08-28 14:37:03,505 [INFO] UserAuth:113 - Init User Auth plugin
2024-08-28 14:37:03,505 [INFO] PluginManage:359 - Loaded plugin userauth (category:base,tabindex:14)
2024-08-28 14:37:03,506 [INFO] PluginManage:283 - PluginManage : Loaded plugins [18]
2024-08-28 14:37:03,769 [INFO] PinOutPanel:1561 - setPackage(No Configuration,No Configuration)
2024-08-28 14:37:03,898 [INFO] CADModel:165 - CPN selected for project level
2024-08-28 14:37:03,898 [INFO] CADModel:114 - Register for checkConnection events
2024-08-28 14:37:03,938 [INFO] IPUIPlugin:80 - create IPUIPlugin
2024-08-28 14:37:03,938 [INFO] PluginManager:220 - loadIPPluginJar : add adc
2024-08-28 14:37:03,986 [INFO] IPUIPlugin:80 - create IPUIPlugin
2024-08-28 14:37:03,986 [INFO] PluginManager:220 - loadIPPluginJar : add aes
2024-08-28 14:37:04,049 [INFO] IPUIPlugin:80 - create IPUIPlugin
2024-08-28 14:37:04,049 [INFO] PluginManager:220 - loadIPPluginJar : add can
2024-08-28 14:37:04,079 [INFO] IPUIPlugin:80 - create IPUIPlugin
2024-08-28 14:37:04,079 [INFO] PluginManager:220 - loadIPPluginJar : add comp
2024-08-28 14:37:04,118 [INFO] IPUIPlugin:80 - create IPUIPlugin
2024-08-28 14:37:04,118 [INFO] PluginManager:220 - loadIPPluginJar : add cryp
2024-08-28 14:37:04,131 [INFO] IPUIPlugin:80 - create IPUIPlugin
2024-08-28 14:37:04,131 [INFO] PluginManager:220 - loadIPPluginJar : add ddr_ctrl_phy
2024-08-28 14:37:04,167 [INFO] IPUIPlugin:80 - create IPUIPlugin
2024-08-28 14:37:04,167 [INFO] PluginManager:220 - loadIPPluginJar : add dfsdm
2024-08-28 14:37:04,182 [INFO] IPUIPlugin:80 - create IPUIPlugin
2024-08-28 14:37:04,182 [INFO] PluginManager:220 - loadIPPluginJar : add dma
2024-08-28 14:37:04,236 [INFO] IPUIPlugin:80 - create IPUIPlugin
2024-08-28 14:37:04,236 [INFO] PluginManager:220 - loadIPPluginJar : add dma3
2024-08-28 14:37:04,294 [INFO] IPUIPlugin:80 - create IPUIPlugin
2024-08-28 14:37:04,294 [INFO] PluginManager:220 - loadIPPluginJar : add extmemmanager
2024-08-28 14:37:04,328 [INFO] IPUIPlugin:80 - create IPUIPlugin
2024-08-28 14:37:04,328 [INFO] PluginManager:220 - loadIPPluginJar : add fatfs
2024-08-28 14:37:04,383 [INFO] IPUIPlugin:80 - create IPUIPlugin
2024-08-28 14:37:04,383 [INFO] PluginManager:220 - loadIPPluginJar : add fmc
2024-08-28 14:37:04,398 [INFO] IPUIPlugin:80 - create IPUIPlugin
2024-08-28 14:37:04,398 [INFO] PluginManager:220 - loadIPPluginJar : add freertos
2024-08-28 14:37:04,420 [INFO] IPUIPlugin:80 - create IPUIPlugin
2024-08-28 14:37:04,420 [INFO] PluginManager:220 - loadIPPluginJar : add genericplugin
2024-08-28 14:37:04,554 [INFO] IPUIPlugin:80 - create IPUIPlugin
2024-08-28 14:37:04,554 [INFO] PluginManager:220 - loadIPPluginJar : add gfxmmu
2024-08-28 14:37:04,737 [INFO] IPUIPlugin:80 - create IPUIPlugin
2024-08-28 14:37:04,738 [INFO] PluginManager:220 - loadIPPluginJar : add gic
2024-08-28 14:37:04,752 [INFO] IPUIPlugin:80 - create IPUIPlugin
2024-08-28 14:37:04,753 [INFO] PluginManager:220 - loadIPPluginJar : add gpio
2024-08-28 14:37:04,877 [INFO] IPUIPlugin:80 - create IPUIPlugin
2024-08-28 14:37:04,878 [INFO] PluginManager:220 - loadIPPluginJar : add gtzc
2024-08-28 14:37:04,916 [INFO] IPUIPlugin:80 - create IPUIPlugin
2024-08-28 14:37:04,916 [INFO] PluginManager:220 - loadIPPluginJar : add hash
2024-08-28 14:37:04,980 [INFO] IPUIPlugin:80 - create IPUIPlugin
2024-08-28 14:37:04,980 [INFO] PluginManager:220 - loadIPPluginJar : add i2c
2024-08-28 14:37:05,027 [INFO] IPUIPlugin:80 - create IPUIPlugin
2024-08-28 14:37:05,027 [INFO] PluginManager:220 - loadIPPluginJar : add i2s
2024-08-28 14:37:05,073 [INFO] IPUIPlugin:80 - create IPUIPlugin
2024-08-28 14:37:05,073 [INFO] PluginManager:220 - loadIPPluginJar : add i3c
2024-08-28 14:37:05,197 [INFO] IPUIPlugin:80 - create IPUIPlugin
2024-08-28 14:37:05,197 [INFO] PluginManager:220 - loadIPPluginJar : add ipddr
2024-08-28 14:37:05,321 [INFO] IPUIPlugin:80 - create IPUIPlugin
2024-08-28 14:37:05,321 [INFO] PluginManager:220 - loadIPPluginJar : add linkedlist
2024-08-28 14:37:05,368 [INFO] IPUIPlugin:80 - create IPUIPlugin
2024-08-28 14:37:05,368 [INFO] PluginManager:220 - loadIPPluginJar : add lorawan
2024-08-28 14:37:05,421 [INFO] IPUIPlugin:80 - create IPUIPlugin
2024-08-28 14:37:05,421 [INFO] PluginManager:220 - loadIPPluginJar : add ltdc
2024-08-28 14:37:05,438 [INFO] IPUIPlugin:80 - create IPUIPlugin
2024-08-28 14:37:05,438 [INFO] PluginManager:220 - loadIPPluginJar : add mdma
2024-08-28 14:37:05,454 [INFO] IPUIPlugin:80 - create IPUIPlugin
2024-08-28 14:37:05,454 [INFO] PluginManager:220 - loadIPPluginJar : add nvic
2024-08-28 14:37:05,500 [INFO] IPUIPlugin:80 - create IPUIPlugin
2024-08-28 14:37:05,501 [INFO] PluginManager:220 - loadIPPluginJar : add opamp
2024-08-28 14:37:05,585 [INFO] IPUIPlugin:80 - create IPUIPlugin
2024-08-28 14:37:05,585 [INFO] PluginManager:220 - loadIPPluginJar : add openamp
2024-08-28 14:37:05,642 [INFO] IPUIPlugin:80 - create IPUIPlugin
2024-08-28 14:37:05,642 [INFO] PluginManager:220 - loadIPPluginJar : add pdm2pcm
2024-08-28 14:37:05,660 [INFO] IPUIPlugin:80 - create IPUIPlugin
2024-08-28 14:37:05,663 [INFO] PluginManager:220 - loadIPPluginJar : add plateformsettings
2024-08-28 14:37:05,691 [INFO] IPUIPlugin:80 - create IPUIPlugin
2024-08-28 14:37:05,691 [INFO] PluginManager:220 - loadIPPluginJar : add quadspi
2024-08-28 14:37:05,726 [INFO] IPUIPlugin:80 - create IPUIPlugin
2024-08-28 14:37:05,727 [INFO] PluginManager:220 - loadIPPluginJar : add radio
2024-08-28 14:37:05,740 [INFO] IPUIPlugin:80 - create IPUIPlugin
2024-08-28 14:37:05,740 [INFO] PluginManager:220 - loadIPPluginJar : add resmgrutility
2024-08-28 14:37:05,803 [INFO] IPUIPlugin:80 - create IPUIPlugin
2024-08-28 14:37:05,803 [INFO] PluginManager:220 - loadIPPluginJar : add sai
2024-08-28 14:37:05,860 [INFO] IPUIPlugin:80 - create IPUIPlugin
2024-08-28 14:37:05,860 [INFO] PluginManager:220 - loadIPPluginJar : add spi
2024-08-28 14:37:05,937 [INFO] IPUIPlugin:80 - create IPUIPlugin
2024-08-28 14:37:05,937 [INFO] PluginManager:220 - loadIPPluginJar : add stm32_wpan
2024-08-28 14:37:05,965 [INFO] IPUIPlugin:80 - create IPUIPlugin
2024-08-28 14:37:05,965 [INFO] PluginManager:220 - loadIPPluginJar : add tim
2024-08-28 14:37:06,032 [INFO] IPUIPlugin:80 - create IPUIPlugin
2024-08-28 14:37:06,033 [INFO] PluginManager:220 - loadIPPluginJar : add touchsensing
2024-08-28 14:37:06,060 [INFO] IPUIPlugin:80 - create IPUIPlugin
2024-08-28 14:37:06,060 [INFO] PluginManager:220 - loadIPPluginJar : add tracer_emb
2024-08-28 14:37:06,088 [INFO] IPUIPlugin:80 - create IPUIPlugin
2024-08-28 14:37:06,088 [INFO] PluginManager:220 - loadIPPluginJar : add ts
2024-08-28 14:37:06,113 [INFO] IPUIPlugin:80 - create IPUIPlugin
2024-08-28 14:37:06,113 [INFO] PluginManager:220 - loadIPPluginJar : add tsc
2024-08-28 14:37:06,143 [INFO] IPUIPlugin:80 - create IPUIPlugin
2024-08-28 14:37:06,143 [INFO] PluginManager:220 - loadIPPluginJar : add ucpd
2024-08-28 14:37:06,184 [INFO] ThirdPartyUpdaterWithRetryManager:70 - Updater plugin not ready yet. [2/15]
2024-08-28 14:37:06,196 [INFO] IPUIPlugin:80 - create IPUIPlugin
2024-08-28 14:37:06,196 [INFO] PluginManager:220 - loadIPPluginJar : add usart
2024-08-28 14:37:06,245 [INFO] IPUIPlugin:80 - create IPUIPlugin
2024-08-28 14:37:06,245 [INFO] PluginManager:220 - loadIPPluginJar : add usbx
2024-08-28 14:37:06,394 [INFO] CADModel:165 - CPN selected for project level
2024-08-28 14:37:06,394 [INFO] CADModel:114 - Register for checkConnection events
2024-08-28 14:37:06,395 [FATAL] Updater:334 - Updater called before beeing initialized
2024-08-28 14:37:06,395 [ERROR] CADModel:125 - Updater not yet initialized, retry later 
2024-08-28 14:37:06,570 [INFO] CADModel:165 - CPN selected for project level
2024-08-28 14:37:06,570 [INFO] CADModel:114 - Register for checkConnection events
2024-08-28 14:37:06,570 [FATAL] Updater:334 - Updater called before beeing initialized
2024-08-28 14:37:06,570 [ERROR] CADModel:125 - Updater not yet initialized, retry later 
2024-08-28 14:37:06,574 [FATAL] Updater:334 - Updater called before beeing initialized
2024-08-28 14:37:06,715 [FATAL] Updater:334 - Updater called before beeing initialized
2024-08-28 14:37:06,726 [INFO] DbMcusAds:53 - JSON generation date=Thu May 16 03:22:00 CST 2024 (1715851320667)
2024-08-28 14:37:06,726 [FATAL] Updater:334 - Updater called before beeing initialized
2024-08-28 14:37:06,764 [WARN] DetailPanel:346 - Failed to get advertising image, set to default
2024-08-28 14:37:06,845 [FATAL] Updater:334 - Updater called before beeing initialized
2024-08-28 14:37:06,847 [FATAL] Updater:334 - Updater called before beeing initialized
2024-08-28 14:37:06,847 [FATAL] Updater:334 - Updater called before beeing initialized
2024-08-28 14:37:06,847 [WARN] DetailPanel:346 - Failed to get advertising image, set to default
2024-08-28 14:37:06,848 [FATAL] Updater:334 - Updater called before beeing initialized
2024-08-28 14:37:06,921 [ERROR] Updater:1164 - MainUpdater not yet initialized. External WinMGr cannot be set.
2024-08-28 14:37:06,932 [INFO] Updater:1100 - Updater Version found : 6.12.0
2024-08-28 14:37:06,953 [INFO] ApplicationProperties:184 - Using Application install path: C:\ST\STM32CubeIDE_1.16.0\STM32CubeIDE\plugins\com.st.stm32cube.common.mx_6.12.0.202406281431
2024-08-28 14:37:07,459 [INFO] MainUpdater:2873 - connection check result : 10
2024-08-28 14:37:07,460 [INFO] MainUpdater:290 - Updater Check For Update Now.
2024-08-28 14:37:07,461 [INFO] MicroXplorer:498 - Change Database Version : DB.6.0.120
2024-08-28 14:37:07,488 [INFO] McuFinderGlobals:63 - Set McuFinder mode to 2 (CubeIDE integrated)
2024-08-28 14:37:07,497 [INFO] UserAuth:417 - Internet connection configuration mode: 1
2024-08-28 14:37:07,542 [INFO] JxBrowserEngine:152 - Initiate JxBrowser Engine with user profile folder
2024-08-28 14:37:07,723 [INFO] CheckServerUpdateThread:120 - End of CheckServer Thread
2024-08-28 14:37:09,495 [WARN] PackLoader:240 - Cannot read IP mode file for STMicroelectronics.FP-SNS-MOTENVWB1.1.4.0
2024-08-28 14:37:09,515 [WARN] PackLoader:240 - Cannot read IP mode file for STMicroelectronics.X-CUBE-SMBUS.2.1.0
2024-08-28 14:37:09,563 [WARN] PackLoader:240 - Cannot read IP mode file for STMicroelectronics.X-CUBE-AZRTOS-F7.1.1.0
2024-08-28 14:37:09,586 [WARN] PackLoader:240 - Cannot read IP mode file for STMicroelectronics.FP-SNS-MOTENV1.4.3.2
2024-08-28 14:37:09,684 [WARN] PackLoader:240 - Cannot read IP mode file for STMicroelectronics.X-CUBE-MEMS1.11.0.0
2024-08-28 14:37:09,859 [WARN] PackLoader:240 - Cannot read IP mode file for STMicroelectronics.FP-SNS-FLIGHT1.5.0.2
2024-08-28 14:37:09,879 [WARN] PackLoader:240 - Cannot read IP mode file for STMicroelectronics.X-CUBE-DISPLAY.3.0.0
2024-08-28 14:37:09,899 [WARN] PackLoader:240 - Cannot read IP mode file for STMicroelectronics.X-CUBE-BLE1.7.0.0
2024-08-28 14:37:09,916 [WARN] PackLoader:240 - Cannot read IP mode file for emotas.I-CUBE-CANOPEN.1.3.0
2024-08-28 14:37:09,933 [WARN] PackLoader:240 - Cannot read IP mode file for STMicroelectronics.X-CUBE-TOUCHGFX.4.22.1
2024-08-28 14:37:09,952 [WARN] PackLoader:240 - Cannot read IP mode file for STMicroelectronics.X-CUBE-BLEMGR.3.1.0
2024-08-28 14:37:09,970 [WARN] PackLoader:240 - Cannot read IP mode file for STMicroelectronics.FP-SNS-SMARTAG2.1.2.0
2024-08-28 14:37:09,994 [INFO] LogOutputStream:77 - [STDOUT_REDIRECT] 1 : Invalid condition id : UX_CORESTACK_Condition cause : null
2024-08-28 14:37:09,995 [INFO] LogOutputStream:77 - [STDOUT_REDIRECT] 1 : Invalid condition id : UX_CORESTACK_Condition cause : null
2024-08-28 14:37:09,996 [INFO] LogOutputStream:77 - [STDOUT_REDIRECT] 1 : Invalid condition id : UX_CORESTACK_Condition cause : null
2024-08-28 14:37:09,998 [INFO] LogOutputStream:77 - [STDOUT_REDIRECT] 1 : Invalid condition id : UX_CORESTACK_Condition cause : null
2024-08-28 14:37:09,999 [INFO] LogOutputStream:77 - [STDOUT_REDIRECT] 1 : Invalid condition id : UX_CORESTACK_Condition cause : null
2024-08-28 14:37:10,003 [WARN] PackLoader:240 - Cannot read IP mode file for STMicroelectronics.X-CUBE-AZRTOS-WL.2.0.0
2024-08-28 14:37:10,017 [WARN] PackLoader:240 - Cannot read IP mode file for STMicroelectronics.FP-SNS-MOTENV1.5.0.0
2024-08-28 14:37:10,030 [WARN] PackLoader:240 - Cannot read IP mode file for wolfSSL.I-CUBE-wolfMQTT.1.19.0
2024-08-28 14:37:10,050 [WARN] PackLoader:240 - Cannot read IP mode file for WES.I-CUBE-Cesium.1.3.0
2024-08-28 14:37:10,095 [WARN] PackLoader:240 - Cannot read IP mode file for STMicroelectronics.X-CUBE-BLE2.3.3.0
2024-08-28 14:37:10,128 [WARN] PackLoader:240 - Cannot read IP mode file for STMicroelectronics.X-CUBE-TCPP.4.1.0
2024-08-28 14:37:10,179 [WARN] PackLoader:240 - Cannot read IP mode file for STMicroelectronics.X-CUBE-ALGOBUILD.1.3.0
2024-08-28 14:37:10,220 [WARN] PackLoader:240 - Cannot read IP mode file for STMicroelectronics.X-CUBE-AZRTOS-G0.1.1.0
2024-08-28 14:37:10,243 [WARN] PackLoader:240 - Cannot read IP mode file for STMicroelectronics.X-CUBE-SAFEA1.1.2.2
2024-08-28 14:37:10,260 [WARN] PackLoader:240 - Cannot read IP mode file for STMicroelectronics.X-CUBE-NFC4.3.0.0
2024-08-28 14:37:10,278 [WARN] PackLoader:240 - Cannot read IP mode file for EmbeddedOffice.I-CUBE-FS-RTOS.1.0.1
2024-08-28 14:37:10,279 [ERROR] ConditionMgr:805 - Attr not supported : Dmpu
2024-08-28 14:37:10,279 [ERROR] ConditionMgr:805 - Attr not supported : Dmpu
2024-08-28 14:37:10,279 [ERROR] ConditionMgr:805 - Attr not supported : Dmpu
2024-08-28 14:37:10,279 [ERROR] ConditionMgr:805 - Attr not supported : Dmpu
2024-08-28 14:37:10,279 [ERROR] ConditionMgr:805 - Attr not supported : Dmpu
2024-08-28 14:37:10,279 [ERROR] ConditionMgr:805 - Attr not supported : Dmpu
2024-08-28 14:37:10,279 [ERROR] ConditionMgr:805 - Attr not supported : Dmpu
2024-08-28 14:37:10,279 [ERROR] ConditionMgr:805 - Attr not supported : Dmpu
2024-08-28 14:37:10,279 [ERROR] ConditionMgr:805 - Attr not supported : Dmpu
2024-08-28 14:37:10,279 [ERROR] ConditionMgr:805 - Attr not supported : Dmpu
2024-08-28 14:37:10,279 [ERROR] ConditionMgr:805 - Attr not supported : Dmpu
2024-08-28 14:37:10,279 [ERROR] ConditionMgr:805 - Attr not supported : Dmpu
2024-08-28 14:37:10,280 [ERROR] ConditionMgr:805 - Attr not supported : Dmpu
2024-08-28 14:37:10,280 [ERROR] ConditionMgr:805 - Attr not supported : Dmpu
2024-08-28 14:37:10,280 [ERROR] ConditionMgr:805 - Attr not supported : Dmpu
2024-08-28 14:37:10,280 [ERROR] ConditionMgr:805 - Attr not supported : Dmpu
2024-08-28 14:37:10,280 [ERROR] ConditionMgr:805 - Attr not supported : Dmpu
2024-08-28 14:37:10,280 [ERROR] ConditionMgr:805 - Attr not supported : Dmpu
2024-08-28 14:37:10,280 [ERROR] ConditionMgr:805 - Attr not supported : Dmpu
2024-08-28 14:37:10,280 [ERROR] ConditionMgr:805 - Attr not supported : Dmpu
2024-08-28 14:37:10,280 [ERROR] ConditionMgr:805 - Attr not supported : Dmpu
2024-08-28 14:37:10,280 [ERROR] ConditionMgr:805 - Attr not supported : Dmpu
2024-08-28 14:37:10,280 [ERROR] ConditionMgr:805 - Attr not supported : Dmpu
2024-08-28 14:37:10,280 [ERROR] ConditionMgr:805 - Attr not supported : Dmpu
2024-08-28 14:37:10,281 [ERROR] ConditionMgr:805 - Attr not supported : Dmpu
2024-08-28 14:37:10,281 [ERROR] ConditionMgr:805 - Attr not supported : Dmpu
2024-08-28 14:37:10,281 [ERROR] ConditionMgr:805 - Attr not supported : Dmpu
2024-08-28 14:37:10,281 [ERROR] ConditionMgr:805 - Attr not supported : Dmpu
2024-08-28 14:37:10,281 [ERROR] ConditionMgr:805 - Attr not supported : Dmpu
2024-08-28 14:37:10,281 [ERROR] ConditionMgr:805 - Attr not supported : Dmpu
2024-08-28 14:37:10,281 [ERROR] ConditionMgr:805 - Attr not supported : Dmpu
2024-08-28 14:37:10,281 [ERROR] ConditionMgr:805 - Attr not supported : Dmpu
2024-08-28 14:37:10,281 [ERROR] ConditionMgr:805 - Attr not supported : Dmpu
2024-08-28 14:37:10,281 [ERROR] ConditionMgr:805 - Attr not supported : Dmpu
2024-08-28 14:37:10,281 [ERROR] ConditionMgr:805 - Attr not supported : Dmpu
2024-08-28 14:37:10,282 [ERROR] ConditionMgr:805 - Attr not supported : Dmpu
2024-08-28 14:37:10,282 [ERROR] ConditionMgr:805 - Attr not supported : Dmpu
2024-08-28 14:37:10,282 [ERROR] ConditionMgr:805 - Attr not supported : Dmpu
2024-08-28 14:37:10,282 [ERROR] ConditionMgr:805 - Attr not supported : Dmpu
2024-08-28 14:37:10,282 [ERROR] ConditionMgr:805 - Attr not supported : Dmpu
2024-08-28 14:37:10,282 [ERROR] ConditionMgr:805 - Attr not supported : Dmpu
2024-08-28 14:37:10,282 [ERROR] ConditionMgr:805 - Attr not supported : Dmpu
2024-08-28 14:37:10,282 [ERROR] ConditionMgr:805 - Attr not supported : Dmpu
2024-08-28 14:37:10,282 [ERROR] ConditionMgr:805 - Attr not supported : Dmpu
2024-08-28 14:37:10,282 [ERROR] ConditionMgr:805 - Attr not supported : Dmpu
2024-08-28 14:37:10,282 [ERROR] ConditionMgr:805 - Attr not supported : Dmpu
2024-08-28 14:37:10,282 [ERROR] ConditionMgr:805 - Attr not supported : Dmpu
2024-08-28 14:37:10,283 [ERROR] ConditionMgr:805 - Attr not supported : Dmpu
2024-08-28 14:37:10,283 [ERROR] ConditionMgr:805 - Attr not supported : Dmpu
2024-08-28 14:37:10,283 [ERROR] ConditionMgr:805 - Attr not supported : Dmpu
2024-08-28 14:37:10,283 [ERROR] ConditionMgr:805 - Attr not supported : Dmpu
2024-08-28 14:37:10,283 [ERROR] ConditionMgr:805 - Attr not supported : Dmpu
2024-08-28 14:37:10,283 [ERROR] ConditionMgr:805 - Attr not supported : Dmpu
2024-08-28 14:37:10,283 [ERROR] ConditionMgr:805 - Attr not supported : Dmpu
2024-08-28 14:37:10,283 [ERROR] ConditionMgr:805 - Attr not supported : Dmpu
2024-08-28 14:37:10,283 [ERROR] ConditionMgr:805 - Attr not supported : Dmpu
2024-08-28 14:37:10,283 [ERROR] ConditionMgr:805 - Attr not supported : Dmpu
2024-08-28 14:37:10,283 [ERROR] ConditionMgr:805 - Attr not supported : Dmpu
2024-08-28 14:37:10,283 [ERROR] ConditionMgr:805 - Attr not supported : Dmpu
2024-08-28 14:37:10,284 [ERROR] ConditionMgr:805 - Attr not supported : Dmpu
2024-08-28 14:37:10,284 [ERROR] ConditionMgr:805 - Attr not supported : Dmpu
2024-08-28 14:37:10,284 [ERROR] ConditionMgr:805 - Attr not supported : Dmpu
2024-08-28 14:37:10,284 [ERROR] ConditionMgr:805 - Attr not supported : Dmpu
2024-08-28 14:37:10,284 [ERROR] ConditionMgr:805 - Attr not supported : Dmpu
2024-08-28 14:37:10,298 [WARN] PackLoader:240 - Cannot read IP mode file for RealThread.X-CUBE-RT-Thread_Nano.4.1.1
2024-08-28 14:37:10,310 [WARN] PackLoader:240 - Cannot read IP mode file for STMicroelectronics.FP-ATR-SIGFOX1.3.2.0
2024-08-28 14:37:10,326 [WARN] PackLoader:240 - Cannot read IP mode file for STMicroelectronics.X-CUBE-EEPRMA1.5.1.0
2024-08-28 14:37:10,359 [WARN] PackLoader:240 - Cannot read IP mode file for SEGGER.I-CUBE-embOS.1.3.1
2024-08-28 14:37:10,416 [WARN] PackLoader:240 - Cannot read IP mode file for STMicroelectronics.X-CUBE-ALGOBUILD.1.4.0
2024-08-28 14:37:10,435 [WARN] PackLoader:240 - Cannot read IP mode file for STMicroelectronics.X-CUBE-GNSS1.6.0.0
2024-08-28 14:37:10,471 [WARN] PackLoader:240 - Cannot read IP mode file for STMicroelectronics.X-CUBE-AZRTOS-F4.1.1.0
2024-08-28 14:37:10,494 [WARN] PackLoader:240 - Cannot read IP mode file for wolfSSL.I-CUBE-wolfSSL.5.6.3
2024-08-28 14:37:10,509 [WARN] PackLoader:240 - Cannot read IP mode file for STMicroelectronics.X-CUBE-FREERTOS.1.2.0
2024-08-28 14:37:10,546 [WARN] PackLoader:240 - Cannot read IP mode file for STMicroelectronics.X-CUBE-AZRTOS-L5.2.0.0
2024-08-28 14:37:10,570 [WARN] PackLoader:240 - Cannot read IP mode file for STMicroelectronics.X-CUBE-NFC6.3.1.0
2024-08-28 14:37:10,588 [WARN] PackLoader:240 - Cannot read IP mode file for ITTIA_DB.I-CUBE-ITTIADB.8.8.0
2024-08-28 14:37:10,608 [WARN] PackLoader:240 - Cannot read IP mode file for STMicroelectronics.X-CUBE-BLEMGR.2.0.0
2024-08-28 14:37:10,629 [WARN] PackLoader:240 - Cannot read IP mode file for STMicroelectronics.X-CUBE-DPower.1.2.0
2024-08-28 14:37:10,657 [WARN] PackLoader:240 - Cannot read IP mode file for STMicroelectronics.X-CUBE-AI.9.0.0
2024-08-28 14:37:10,701 [WARN] ConditionMgr:438 - getConditionDescription Invalid condition id : UX DEVICE CLASS RTOS Condition cause : null
2024-08-28 14:37:10,702 [WARN] ConditionMgr:438 - getConditionDescription Invalid condition id : UX DEVICE CLASS RTOS Condition cause : null
2024-08-28 14:37:10,709 [WARN] PackLoader:240 - Cannot read IP mode file for STMicroelectronics.X-CUBE-AZRTOS-H7.3.1.0
2024-08-28 14:37:10,710 [WARN] ConditionMgr:1039 - genDependencies : Invalid condition id : UX DEVICE CLASS RTOS Condition cause : null
2024-08-28 14:37:10,710 [WARN] ConditionMgr:1039 - genDependencies : Invalid condition id : UX DEVICE CLASS RTOS Condition cause : null
2024-08-28 14:37:10,711 [WARN] ConditionMgr:1039 - genDependencies : Invalid condition id : UX DEVICE CLASS RTOS Condition cause : null
2024-08-28 14:37:10,712 [WARN] ConditionMgr:1039 - genDependencies : Invalid condition id : UX DEVICE CLASS RTOS Condition cause : null
2024-08-28 14:37:10,712 [WARN] ConditionMgr:1039 - genDependencies : Invalid condition id : UX DEVICE CLASS RTOS Condition cause : null
2024-08-28 14:37:10,733 [WARN] PackLoader:240 - Cannot read IP mode file for STMicroelectronics.X-CUBE-NFC7.1.0.1
2024-08-28 14:37:10,752 [WARN] PackLoader:240 - Cannot read IP mode file for wolfSSL.I-CUBE-wolfTPM.3.2.0
2024-08-28 14:37:10,767 [WARN] PackLoader:240 - Cannot read IP mode file for STMicroelectronics.X-CUBE-NFC6.3.0.0
2024-08-28 14:37:10,781 [WARN] PackLoader:240 - Cannot read IP mode file for STMicroelectronics.X-CUBE-EEPRMA1.4.1.0
2024-08-28 14:37:10,802 [WARN] PackLoader:240 - Cannot read IP mode file for STMicroelectronics.X-CUBE-AI.8.1.0
2024-08-28 14:37:10,946 [WARN] ConditionMgr:438 - getConditionDescription Invalid condition id : LAN8742 Phy interface Condition cause : null
2024-08-28 14:37:10,947 [WARN] PackLoader:240 - Cannot read IP mode file for STMicroelectronics.X-CUBE-AZRTOS-L4.2.0.0
2024-08-28 14:37:10,948 [WARN] ConditionMgr:1039 - genDependencies : Invalid condition id : LAN8742 Phy interface Condition cause : null
2024-08-28 14:37:10,948 [WARN] ConditionMgr:1039 - genDependencies : Invalid condition id : LAN8742 Phy interface Condition cause : null
2024-08-28 14:37:10,949 [WARN] ConditionMgr:1039 - genDependencies : Invalid condition id : LAN8742 Phy interface Condition cause : null
2024-08-28 14:37:10,974 [WARN] PackLoader:240 - Cannot read IP mode file for STMicroelectronics.X-CUBE-SFXS2LP1.4.0.0
2024-08-28 14:37:10,993 [WARN] PackLoader:240 - Cannot read IP mode file for STMicroelectronics.X-CUBE-ISPU.1.1.0
2024-08-28 14:37:11,033 [WARN] PackLoader:240 - Cannot read IP mode file for STMicroelectronics.X-CUBE-AZRTOS-H7.3.3.0
2024-08-28 14:37:11,065 [WARN] ConditionMgr:438 - getConditionDescription Invalid condition id : UX DEVICE CLASS RTOS Condition cause : null
2024-08-28 14:37:11,066 [WARN] ConditionMgr:438 - getConditionDescription Invalid condition id : UX DEVICE CLASS RTOS Condition cause : null
2024-08-28 14:37:11,068 [WARN] PackLoader:240 - Cannot read IP mode file for STMicroelectronics.X-CUBE-AZRTOS-WB.2.0.0
2024-08-28 14:37:11,069 [WARN] ConditionMgr:1039 - genDependencies : Invalid condition id : UX DEVICE CLASS RTOS Condition cause : null
2024-08-28 14:37:11,069 [WARN] ConditionMgr:1039 - genDependencies : Invalid condition id : UX DEVICE CLASS RTOS Condition cause : null
2024-08-28 14:37:11,070 [WARN] ConditionMgr:1039 - genDependencies : Invalid condition id : UX DEVICE CLASS RTOS Condition cause : null
2024-08-28 14:37:11,070 [WARN] ConditionMgr:1039 - genDependencies : Invalid condition id : UX DEVICE CLASS RTOS Condition cause : null
2024-08-28 14:37:11,070 [WARN] ConditionMgr:1039 - genDependencies : Invalid condition id : UX DEVICE CLASS RTOS Condition cause : null
2024-08-28 14:37:11,089 [WARN] PackLoader:240 - Cannot read IP mode file for STMicroelectronics.FP-SNS-STBOX1.2.0.0
2024-08-28 14:37:11,116 [WARN] PackLoader:240 - Cannot read IP mode file for STMicroelectronics.X-CUBE-SUBG2.5.0.0
2024-08-28 14:37:11,139 [WARN] PackLoader:240 - Cannot read IP mode file for Cesanta.I-CUBE-Mongoose.7.13.0
2024-08-28 14:37:11,186 [WARN] PackLoader:240 - Cannot read IP mode file for STMicroelectronics.X-CUBE-TOF1.3.3.1
2024-08-28 14:37:11,314 [WARN] PackLoader:240 - Cannot read IP mode file for STMicroelectronics.X-CUBE-AZRTOS-G4.2.0.0
2024-08-28 14:37:11,362 [WARN] PackLoader:240 - Cannot read IP mode file for Infineon.AIROC-Wi-Fi-Bluetooth-STM32.1.5.1
2024-08-28 14:37:11,383 [WARN] PackLoader:240 - Cannot read IP mode file for STMicroelectronics.X-CUBE-ISPU.2.0.0
2024-08-28 14:37:11,399 [WARN] PackLoader:240 - Cannot read IP mode file for STMicroelectronics.X-CUBE-ALS.1.0.2
2024-08-28 14:37:11,457 [WARN] PackLoader:240 - Cannot read IP mode file for STMicroelectronics.X-CUBE-MEMS1.10.0.0
2024-08-28 14:37:11,579 [WARN] PackLoader:240 - Cannot read IP mode file for STMicroelectronics.X-CUBE-FREERTOS.1.1.0
2024-08-28 14:37:11,598 [WARN] PackLoader:240 - Cannot read IP mode file for STMicroelectronics.X-CUBE-TOUCHGFX.4.24.0
2024-08-28 14:37:11,616 [WARN] PackLoader:240 - Cannot read IP mode file for portGmbH.I-Cube-SoM-uGOAL.1.1.0
2024-08-28 14:37:11,629 [INFO] WebApp:167 - Instantiating new browser for Auth
2024-08-28 14:37:11,630 [WARN] PackLoader:240 - Cannot read IP mode file for STMicroelectronics.X-CUBE-ALS.1.0.1
2024-08-28 14:37:11,695 [WARN] PackLoader:240 - Cannot read IP mode file for STMicroelectronics.X-CUBE-AZRTOS-H7RS.1.0.0
2024-08-28 14:37:11,717 [WARN] PackLoader:240 - Cannot read IP mode file for STMicroelectronics.FP-ATR-ASTRA1.2.0.0
2024-08-28 14:37:11,737 [WARN] PackLoader:240 - Cannot read IP mode file for STMicroelectronics.X-CUBE-TOF1.3.4.2
2024-08-28 14:37:11,774 [WARN] PackLoader:240 - Cannot read IP mode file for STMicroelectronics.X-CUBE-AZRTOS-H7.3.2.0
2024-08-28 14:37:11,793 [WARN] PackLoader:240 - Cannot read IP mode file for wolfSSL.I-CUBE-wolfSSH.1.4.17
2024-08-28 14:37:11,794 [INFO] ThirdParty:978 - Integrity check success = true
2024-08-28 14:37:11,794 [INFO] IntegrityCheckThread:100 - exiting critical section [integrity check]
2024-08-28 14:37:11,795 [INFO] IntegrityCheckThread:103 - End integrity checks thread
2024-08-28 14:37:12,607 [INFO] WebApp:448 - Apply proxy settings
2024-08-28 14:37:12,607 [INFO] WebApp:533 - Chromium requires no authentication
2024-08-28 14:37:12,619 [INFO] WebApp:476 - Direct internet connection detected
2024-08-28 14:37:12,648 [INFO] WebApp:869 - Register for checkConnection events
2024-08-28 14:37:12,648 [INFO] WebApp:448 - Apply proxy settings
2024-08-28 14:37:12,648 [INFO] WebApp:533 - Chromium requires no authentication
2024-08-28 14:37:12,649 [INFO] WebApp:476 - Direct internet connection detected
2024-08-28 14:37:12,856 [INFO] WebApp:220 - Starting web application
2024-08-28 14:37:12,856 [INFO] WebApp:578 - Web application path used C:\ST\STM32CubeIDE_1.16.0\STM32CubeIDE\plugins\com.st.stm32cube.common.mx_6.12.0.202406281431\db\plugins\mcufinder\reactClient1\index.html
2024-08-28 14:37:13,030 [INFO] UserAuth:417 - Internet connection configuration mode: 1
2024-08-28 14:37:13,120 [INFO] WebApp:186 - Connection restablished
2024-08-28 14:49:04,092 [INFO] WebApp:189 - Connection lost
2024-08-28 14:49:12,918 [INFO] WebApp:186 - Connection restablished
2024-08-28 15:53:08,367 [INFO] WebApp:189 - Connection lost
2024-08-28 15:53:14,245 [INFO] WebApp:186 - Connection restablished
2024-08-28 15:53:22,563 [ERROR] LogOutputStream:75 - [STDERR_REDIRECT] 
