2024-09-03 20:09:35,711 [INFO] Activator:176 - 


2024-09-03 20:09:35,722 [INFO] Activator:177 - !SESSION log4j initialized
2024-09-03 20:09:45,055 [INFO] LogOutputStream:77 - [STDOUT_REDIRECT] 
2024-09-03 20:09:48,628 [INFO] ApplicationProperties:184 - Using Application install path: C:\ST\STM32CubeIDE_1.16.0\STM32CubeIDE\plugins\com.st.stm32cube.common.mx_6.12.0.202406281431
2024-09-03 20:09:48,654 [INFO] DbMcusXml:78 - Set database path to: C:\ST\STM32CubeIDE_1.16.0\STM32CubeIDE\plugins\com.st.stm32cube.common.mx_6.12.0.202406281431\\db\/mcu/
2024-09-03 20:09:48,655 [INFO] ApiDb:274 - Set plugin database path to: C:\ST\STM32CubeIDE_1.16.0\STM32CubeIDE\plugins\com.st.stm32cube.common.mx_6.12.0.202406281431\\db\/plugins/boardmanager/
2024-09-03 20:09:48,656 [WARN] ApiDb:259 - Overriding images path with different value:  => C:\ST\STM32CubeIDE_1.16.0\STM32CubeIDE\plugins\com.st.stm32cube.common.mx_6.12.0.202406281431\\db\/plugins/mcufinder/images/
2024-09-03 20:09:48,679 [INFO] ApiDb:250 - Set database path to: C:\Users\artur\.stmcufinder\plugins\mcufinder//mcu/
2024-09-03 20:09:48,681 [INFO] DbMcusAds:125 - Set database path to: C:\Users\artur\.stmcufinder\plugins\mcufinder//mcu/
2024-09-03 20:09:48,684 [INFO] CrossReferenceDbSqlite:203 - Set database path to: C:\Users\artur\.stmcufinder\plugins\mcufinder//mcu/cs/
2024-09-03 20:09:48,853 [INFO] RulesReader:64 - Compatibility file has been processed (297 Rules)
2024-09-03 20:09:48,969 [INFO] DbMcusXml:78 - Set database path to: C:\ST\STM32CubeIDE_1.16.0\STM32CubeIDE\plugins\com.st.stm32cube.common.mx_6.12.0.202406281431\\db\/mcu/
2024-09-03 20:09:48,969 [INFO] ApiDb:274 - Set plugin database path to: C:\ST\STM32CubeIDE_1.16.0\STM32CubeIDE\plugins\com.st.stm32cube.common.mx_6.12.0.202406281431\\db\/plugins/boardmanager/
2024-09-03 20:09:48,970 [INFO] ApiDb:261 - Set plugin images path to: C:\ST\STM32CubeIDE_1.16.0\STM32CubeIDE\plugins\com.st.stm32cube.common.mx_6.12.0.202406281431\\db\/plugins/mcufinder/images/
2024-09-03 20:09:48,970 [WARN] DbFile:41 - Overriding database path with different value: C:\Users\artur\.stmcufinder\plugins\mcufinder/ => C:\Users\artur\.stmcufinder\plugins\mcufinder
2024-09-03 20:09:48,970 [INFO] ApiDb:250 - Set database path to: C:\Users\artur\.stmcufinder\plugins\mcufinder//mcu/
2024-09-03 20:09:48,970 [WARN] DbFile:41 - Overriding database path with different value: C:\Users\artur\.stmcufinder\plugins\mcufinder/ => C:\Users\artur\.stmcufinder\plugins\mcufinder
2024-09-03 20:09:48,970 [INFO] DbMcusAds:125 - Set database path to: C:\Users\artur\.stmcufinder\plugins\mcufinder//mcu/
2024-09-03 20:09:48,970 [WARN] DbFile:41 - Overriding database path with different value: C:\Users\artur\.stmcufinder\plugins\mcufinder/ => C:\Users\artur\.stmcufinder\plugins\mcufinder
2024-09-03 20:09:48,970 [WARN] DbFile:41 - Overriding database path with different value: C:\Users\artur\.stmcufinder\plugins\mcufinder/ => C:\Users\artur\.stmcufinder\plugins\mcufinder
2024-09-03 20:09:48,970 [INFO] CrossReferenceDbSqlite:203 - Set database path to: C:\Users\artur\.stmcufinder\plugins\mcufinder//mcu/cs/
2024-09-03 20:09:49,102 [INFO] MainPanel:268 - HeapMemory: 268435456
2024-09-03 20:09:49,285 [INFO] DbMcusXml:78 - Set database path to: C:\ST\STM32CubeIDE_1.16.0\STM32CubeIDE\plugins\com.st.stm32cube.common.mx_6.12.0.202406281431\\db\/mcu/
2024-09-03 20:09:49,285 [INFO] ApiDb:274 - Set plugin database path to: C:\ST\STM32CubeIDE_1.16.0\STM32CubeIDE\plugins\com.st.stm32cube.common.mx_6.12.0.202406281431\\db\/plugins/boardmanager/
2024-09-03 20:09:49,285 [INFO] ApiDb:261 - Set plugin images path to: C:\ST\STM32CubeIDE_1.16.0\STM32CubeIDE\plugins\com.st.stm32cube.common.mx_6.12.0.202406281431\\db\/plugins/mcufinder/images/
2024-09-03 20:09:49,286 [WARN] DbFile:41 - Overriding database path with different value: C:\Users\artur\.stmcufinder\plugins\mcufinder/ => C:\Users\artur\.stmcufinder\plugins\mcufinder
2024-09-03 20:09:49,286 [INFO] ApiDb:250 - Set database path to: C:\Users\artur\.stmcufinder\plugins\mcufinder//mcu/
2024-09-03 20:09:49,286 [WARN] DbFile:41 - Overriding database path with different value: C:\Users\artur\.stmcufinder\plugins\mcufinder/ => C:\Users\artur\.stmcufinder\plugins\mcufinder
2024-09-03 20:09:49,286 [INFO] DbMcusAds:125 - Set database path to: C:\Users\artur\.stmcufinder\plugins\mcufinder//mcu/
2024-09-03 20:09:49,286 [WARN] DbFile:41 - Overriding database path with different value: C:\Users\artur\.stmcufinder\plugins\mcufinder/ => C:\Users\artur\.stmcufinder\plugins\mcufinder
2024-09-03 20:09:49,286 [WARN] DbFile:41 - Overriding database path with different value: C:\Users\artur\.stmcufinder\plugins\mcufinder/ => C:\Users\artur\.stmcufinder\plugins\mcufinder
2024-09-03 20:09:49,286 [INFO] CrossReferenceDbSqlite:203 - Set database path to: C:\Users\artur\.stmcufinder\plugins\mcufinder//mcu/cs/
2024-09-03 20:09:49,315 [INFO] ApplicationProperties:184 - Using Application install path: C:\ST\STM32CubeIDE_1.16.0\STM32CubeIDE\plugins\com.st.stm32cube.common.mx_6.12.0.202406281431
2024-09-03 20:09:49,317 [INFO] PluginManage:196 - Search for loadable plugins [exclusion list=, ]
2024-09-03 20:09:49,320 [INFO] PluginManage:310 - Check plugin analytics
2024-09-03 20:09:49,533 [INFO] AnalyticsPlugin:253 - Accepted Software Licenses: STM32CubeMX.6.9.2
2024-09-03 20:09:49,533 [INFO] AnalyticsPlugin:255 - Accepted CMSIS Pack Licenses: 
2024-09-03 20:09:49,534 [INFO] AnalyticsPlugin:257 - Accepted Firmware Licenses: FW.H7.1.11.0
2024-09-03 20:09:49,538 [INFO] PluginManage:359 - Loaded plugin analytics (category:tool,tabindex:-1)
2024-09-03 20:09:49,539 [INFO] PluginManage:310 - Check plugin cadmodel
2024-09-03 20:09:49,556 [INFO] CADModel:105 - Init CAD model plugin
2024-09-03 20:09:49,557 [INFO] PluginManage:359 - Loaded plugin cadmodel (category:power,tabindex:5)
2024-09-03 20:09:49,557 [INFO] PluginManage:310 - Check plugin clock
2024-09-03 20:09:49,578 [INFO] PluginManage:359 - Loaded plugin clock (category:base,tabindex:2)
2024-09-03 20:09:49,578 [INFO] PluginManage:310 - Check plugin ddr
2024-09-03 20:09:49,581 [INFO] PluginManage:359 - Loaded plugin ddr (category:tool,tabindex:6)
2024-09-03 20:09:49,581 [INFO] PluginManage:310 - Check plugin filemanager
2024-09-03 20:09:49,757 [INFO] PluginManage:359 - Loaded plugin filemanager (category:base,tabindex:10)
2024-09-03 20:09:49,757 [INFO] PluginManage:310 - Check plugin ipmanager
2024-09-03 20:09:49,766 [INFO] PluginManage:359 - Loaded plugin ipmanager (category:base,tabindex:5)
2024-09-03 20:09:49,766 [INFO] PluginManage:310 - Check plugin lpbam
2024-09-03 20:09:49,787 [INFO] PluginManage:359 - Loaded plugin lpbam (category:base,tabindex:0)
2024-09-03 20:09:49,787 [INFO] PluginManage:310 - Check plugin memorymap
2024-09-03 20:09:49,819 [INFO] PluginManage:359 - Loaded plugin memorymap (category:base,tabindex:4)
2024-09-03 20:09:49,819 [INFO] PluginManage:310 - Check plugin pinoutandconfiguration
2024-09-03 20:09:49,840 [INFO] PluginManage:359 - Loaded plugin pinoutandconfiguration (category:base,tabindex:1)
2024-09-03 20:09:49,840 [INFO] PluginManage:310 - Check plugin pinoutconfig
2024-09-03 20:09:49,970 [WARN] SupportedApi:132 - Cannot load RTOS API schema: s4s-elt-must-match.1: The content of 'definitions' must match (annotation?, (simpleType | complexType)?, (unique | key | keyref)*)). A problem was found starting at: attribute.
2024-09-03 20:09:50,186 [INFO] PluginManage:359 - Loaded plugin pinoutconfig (category:base,tabindex:0)
2024-09-03 20:09:50,186 [INFO] PluginManage:310 - Check plugin power
2024-09-03 20:09:50,218 [INFO] PluginManage:359 - Loaded plugin power (category:power,tabindex:4)
2024-09-03 20:09:50,218 [INFO] PluginManage:310 - Check plugin projectmanager
2024-09-03 20:09:50,242 [INFO] PluginManage:359 - Loaded plugin projectmanager (category:projectmanager,tabindex:4)
2024-09-03 20:09:50,243 [INFO] PluginManage:310 - Check plugin rif
2024-09-03 20:09:50,263 [INFO] PluginManage:359 - Loaded plugin rif (category:base,tabindex:3)
2024-09-03 20:09:50,263 [INFO] PluginManage:310 - Check plugin thirdparty
2024-09-03 20:09:50,586 [WARN] IntegrityCheckThread:84 - waiting for thirdparty lock release [integrity check]
2024-09-03 20:09:50,586 [INFO] PluginManage:359 - Loaded plugin thirdparty (category:base,tabindex:-1)
2024-09-03 20:09:50,586 [INFO] IntegrityCheckThread:86 - entering critical section [integrity check]
2024-09-03 20:09:50,586 [INFO] PluginManage:310 - Check plugin tools
2024-09-03 20:09:50,586 [INFO] ThirdPartyUpdaterWithRetryManager:70 - Updater plugin not ready yet. [1/15]
2024-09-03 20:09:50,627 [INFO] PluginManage:359 - Loaded plugin tools (category:base,tabindex:7)
2024-09-03 20:09:50,627 [INFO] PluginManage:310 - Check plugin tutovideos
2024-09-03 20:09:50,850 [INFO] PluginManage:359 - Loaded plugin tutovideos (category:base,tabindex:-1)
2024-09-03 20:09:50,850 [INFO] PluginManage:310 - Check plugin updater
2024-09-03 20:09:50,873 [INFO] PluginManage:359 - Loaded plugin updater (category:base,tabindex:12)
2024-09-03 20:09:50,873 [INFO] PluginManage:310 - Check plugin userauth
2024-09-03 20:09:50,881 [INFO] UserAuth:113 - Init User Auth plugin
2024-09-03 20:09:50,881 [INFO] PluginManage:359 - Loaded plugin userauth (category:base,tabindex:14)
2024-09-03 20:09:50,882 [INFO] PluginManage:283 - PluginManage : Loaded plugins [18]
2024-09-03 20:09:51,166 [INFO] PinOutPanel:1561 - setPackage(No Configuration,No Configuration)
2024-09-03 20:09:51,287 [INFO] CADModel:165 - CPN selected for project level
2024-09-03 20:09:51,287 [INFO] CADModel:114 - Register for checkConnection events
2024-09-03 20:09:51,320 [INFO] IPUIPlugin:80 - create IPUIPlugin
2024-09-03 20:09:51,320 [INFO] PluginManager:220 - loadIPPluginJar : add adc
2024-09-03 20:09:51,360 [INFO] IPUIPlugin:80 - create IPUIPlugin
2024-09-03 20:09:51,360 [INFO] PluginManager:220 - loadIPPluginJar : add aes
2024-09-03 20:09:51,409 [INFO] IPUIPlugin:80 - create IPUIPlugin
2024-09-03 20:09:51,409 [INFO] PluginManager:220 - loadIPPluginJar : add can
2024-09-03 20:09:51,436 [INFO] IPUIPlugin:80 - create IPUIPlugin
2024-09-03 20:09:51,436 [INFO] PluginManager:220 - loadIPPluginJar : add comp
2024-09-03 20:09:51,479 [INFO] IPUIPlugin:80 - create IPUIPlugin
2024-09-03 20:09:51,479 [INFO] PluginManager:220 - loadIPPluginJar : add cryp
2024-09-03 20:09:51,495 [INFO] IPUIPlugin:80 - create IPUIPlugin
2024-09-03 20:09:51,496 [INFO] PluginManager:220 - loadIPPluginJar : add ddr_ctrl_phy
2024-09-03 20:09:51,535 [INFO] IPUIPlugin:80 - create IPUIPlugin
2024-09-03 20:09:51,536 [INFO] PluginManager:220 - loadIPPluginJar : add dfsdm
2024-09-03 20:09:51,555 [INFO] IPUIPlugin:80 - create IPUIPlugin
2024-09-03 20:09:51,556 [INFO] PluginManager:220 - loadIPPluginJar : add dma
2024-09-03 20:09:51,607 [INFO] IPUIPlugin:80 - create IPUIPlugin
2024-09-03 20:09:51,607 [INFO] PluginManager:220 - loadIPPluginJar : add dma3
2024-09-03 20:09:51,658 [INFO] IPUIPlugin:80 - create IPUIPlugin
2024-09-03 20:09:51,658 [INFO] PluginManager:220 - loadIPPluginJar : add extmemmanager
2024-09-03 20:09:51,682 [INFO] IPUIPlugin:80 - create IPUIPlugin
2024-09-03 20:09:51,682 [INFO] PluginManager:220 - loadIPPluginJar : add fatfs
2024-09-03 20:09:51,735 [INFO] IPUIPlugin:80 - create IPUIPlugin
2024-09-03 20:09:51,735 [INFO] PluginManager:220 - loadIPPluginJar : add fmc
2024-09-03 20:09:51,751 [INFO] IPUIPlugin:80 - create IPUIPlugin
2024-09-03 20:09:51,751 [INFO] PluginManager:220 - loadIPPluginJar : add freertos
2024-09-03 20:09:51,775 [INFO] IPUIPlugin:80 - create IPUIPlugin
2024-09-03 20:09:51,775 [INFO] PluginManager:220 - loadIPPluginJar : add genericplugin
2024-09-03 20:09:51,890 [INFO] IPUIPlugin:80 - create IPUIPlugin
2024-09-03 20:09:51,890 [INFO] PluginManager:220 - loadIPPluginJar : add gfxmmu
2024-09-03 20:09:52,072 [INFO] IPUIPlugin:80 - create IPUIPlugin
2024-09-03 20:09:52,072 [INFO] PluginManager:220 - loadIPPluginJar : add gic
2024-09-03 20:09:52,088 [INFO] IPUIPlugin:80 - create IPUIPlugin
2024-09-03 20:09:52,088 [INFO] PluginManager:220 - loadIPPluginJar : add gpio
2024-09-03 20:09:52,195 [INFO] IPUIPlugin:80 - create IPUIPlugin
2024-09-03 20:09:52,195 [INFO] PluginManager:220 - loadIPPluginJar : add gtzc
2024-09-03 20:09:52,240 [INFO] IPUIPlugin:80 - create IPUIPlugin
2024-09-03 20:09:52,240 [INFO] PluginManager:220 - loadIPPluginJar : add hash
2024-09-03 20:09:52,308 [INFO] IPUIPlugin:80 - create IPUIPlugin
2024-09-03 20:09:52,309 [INFO] PluginManager:220 - loadIPPluginJar : add i2c
2024-09-03 20:09:52,359 [INFO] IPUIPlugin:80 - create IPUIPlugin
2024-09-03 20:09:52,359 [INFO] PluginManager:220 - loadIPPluginJar : add i2s
2024-09-03 20:09:52,407 [INFO] IPUIPlugin:80 - create IPUIPlugin
2024-09-03 20:09:52,407 [INFO] PluginManager:220 - loadIPPluginJar : add i3c
2024-09-03 20:09:52,524 [INFO] IPUIPlugin:80 - create IPUIPlugin
2024-09-03 20:09:52,524 [INFO] PluginManager:220 - loadIPPluginJar : add ipddr
2024-09-03 20:09:52,635 [INFO] IPUIPlugin:80 - create IPUIPlugin
2024-09-03 20:09:52,635 [INFO] PluginManager:220 - loadIPPluginJar : add linkedlist
2024-09-03 20:09:52,683 [INFO] IPUIPlugin:80 - create IPUIPlugin
2024-09-03 20:09:52,683 [INFO] PluginManager:220 - loadIPPluginJar : add lorawan
2024-09-03 20:09:52,729 [INFO] IPUIPlugin:80 - create IPUIPlugin
2024-09-03 20:09:52,729 [INFO] PluginManager:220 - loadIPPluginJar : add ltdc
2024-09-03 20:09:52,745 [INFO] IPUIPlugin:80 - create IPUIPlugin
2024-09-03 20:09:52,745 [INFO] PluginManager:220 - loadIPPluginJar : add mdma
2024-09-03 20:09:52,761 [INFO] IPUIPlugin:80 - create IPUIPlugin
2024-09-03 20:09:52,761 [INFO] PluginManager:220 - loadIPPluginJar : add nvic
2024-09-03 20:09:52,809 [INFO] IPUIPlugin:80 - create IPUIPlugin
2024-09-03 20:09:52,809 [INFO] PluginManager:220 - loadIPPluginJar : add opamp
2024-09-03 20:09:52,898 [INFO] IPUIPlugin:80 - create IPUIPlugin
2024-09-03 20:09:52,898 [INFO] PluginManager:220 - loadIPPluginJar : add openamp
2024-09-03 20:09:52,961 [INFO] IPUIPlugin:80 - create IPUIPlugin
2024-09-03 20:09:52,961 [INFO] PluginManager:220 - loadIPPluginJar : add pdm2pcm
2024-09-03 20:09:52,978 [INFO] IPUIPlugin:80 - create IPUIPlugin
2024-09-03 20:09:52,982 [INFO] PluginManager:220 - loadIPPluginJar : add plateformsettings
2024-09-03 20:09:53,011 [INFO] IPUIPlugin:80 - create IPUIPlugin
2024-09-03 20:09:53,011 [INFO] PluginManager:220 - loadIPPluginJar : add quadspi
2024-09-03 20:09:53,047 [INFO] IPUIPlugin:80 - create IPUIPlugin
2024-09-03 20:09:53,048 [INFO] PluginManager:220 - loadIPPluginJar : add radio
2024-09-03 20:09:53,064 [INFO] IPUIPlugin:80 - create IPUIPlugin
2024-09-03 20:09:53,064 [INFO] PluginManager:220 - loadIPPluginJar : add resmgrutility
2024-09-03 20:09:53,123 [INFO] IPUIPlugin:80 - create IPUIPlugin
2024-09-03 20:09:53,123 [INFO] PluginManager:220 - loadIPPluginJar : add sai
2024-09-03 20:09:53,170 [INFO] IPUIPlugin:80 - create IPUIPlugin
2024-09-03 20:09:53,170 [INFO] PluginManager:220 - loadIPPluginJar : add spi
2024-09-03 20:09:53,263 [INFO] IPUIPlugin:80 - create IPUIPlugin
2024-09-03 20:09:53,263 [INFO] PluginManager:220 - loadIPPluginJar : add stm32_wpan
2024-09-03 20:09:53,291 [INFO] IPUIPlugin:80 - create IPUIPlugin
2024-09-03 20:09:53,291 [INFO] PluginManager:220 - loadIPPluginJar : add tim
2024-09-03 20:09:53,383 [INFO] IPUIPlugin:80 - create IPUIPlugin
2024-09-03 20:09:53,383 [INFO] PluginManager:220 - loadIPPluginJar : add touchsensing
2024-09-03 20:09:53,411 [INFO] IPUIPlugin:80 - create IPUIPlugin
2024-09-03 20:09:53,411 [INFO] PluginManager:220 - loadIPPluginJar : add tracer_emb
2024-09-03 20:09:53,441 [INFO] IPUIPlugin:80 - create IPUIPlugin
2024-09-03 20:09:53,441 [INFO] PluginManager:220 - loadIPPluginJar : add ts
2024-09-03 20:09:53,468 [INFO] IPUIPlugin:80 - create IPUIPlugin
2024-09-03 20:09:53,469 [INFO] PluginManager:220 - loadIPPluginJar : add tsc
2024-09-03 20:09:53,493 [INFO] IPUIPlugin:80 - create IPUIPlugin
2024-09-03 20:09:53,493 [INFO] PluginManager:220 - loadIPPluginJar : add ucpd
2024-09-03 20:09:53,548 [INFO] IPUIPlugin:80 - create IPUIPlugin
2024-09-03 20:09:53,548 [INFO] PluginManager:220 - loadIPPluginJar : add usart
2024-09-03 20:09:53,588 [INFO] ThirdPartyUpdaterWithRetryManager:70 - Updater plugin not ready yet. [2/15]
2024-09-03 20:09:53,601 [INFO] IPUIPlugin:80 - create IPUIPlugin
2024-09-03 20:09:53,601 [INFO] PluginManager:220 - loadIPPluginJar : add usbx
2024-09-03 20:09:53,746 [INFO] CADModel:165 - CPN selected for project level
2024-09-03 20:09:53,746 [INFO] CADModel:114 - Register for checkConnection events
2024-09-03 20:09:53,746 [FATAL] Updater:334 - Updater called before beeing initialized
2024-09-03 20:09:53,747 [ERROR] CADModel:125 - Updater not yet initialized, retry later 
2024-09-03 20:09:53,922 [INFO] CADModel:165 - CPN selected for project level
2024-09-03 20:09:53,922 [INFO] CADModel:114 - Register for checkConnection events
2024-09-03 20:09:53,923 [FATAL] Updater:334 - Updater called before beeing initialized
2024-09-03 20:09:53,923 [ERROR] CADModel:125 - Updater not yet initialized, retry later 
2024-09-03 20:09:53,926 [FATAL] Updater:334 - Updater called before beeing initialized
2024-09-03 20:09:54,051 [FATAL] Updater:334 - Updater called before beeing initialized
2024-09-03 20:09:54,064 [INFO] DbMcusAds:53 - JSON generation date=Thu May 16 03:22:00 CST 2024 (1715851320667)
2024-09-03 20:09:54,064 [FATAL] Updater:334 - Updater called before beeing initialized
2024-09-03 20:09:54,116 [WARN] DetailPanel:346 - Failed to get advertising image, set to default
2024-09-03 20:09:54,244 [FATAL] Updater:334 - Updater called before beeing initialized
2024-09-03 20:09:54,248 [FATAL] Updater:334 - Updater called before beeing initialized
2024-09-03 20:09:54,248 [FATAL] Updater:334 - Updater called before beeing initialized
2024-09-03 20:09:54,248 [WARN] DetailPanel:346 - Failed to get advertising image, set to default
2024-09-03 20:09:54,249 [FATAL] Updater:334 - Updater called before beeing initialized
2024-09-03 20:09:54,334 [ERROR] Updater:1164 - MainUpdater not yet initialized. External WinMGr cannot be set.
2024-09-03 20:09:54,343 [INFO] Updater:1100 - Updater Version found : 6.12.0
2024-09-03 20:09:54,365 [INFO] ApplicationProperties:184 - Using Application install path: C:\ST\STM32CubeIDE_1.16.0\STM32CubeIDE\plugins\com.st.stm32cube.common.mx_6.12.0.202406281431
2024-09-03 20:09:54,836 [INFO] MainUpdater:2873 - connection check result : 10
2024-09-03 20:09:54,836 [INFO] MainUpdater:3567 - Updater definition file requires update
2024-09-03 20:09:54,837 [INFO] MainUpdater:290 - Updater Check For Update Now.
2024-09-03 20:09:54,837 [INFO] MicroXplorer:498 - Change Database Version : DB.6.0.120
2024-09-03 20:09:54,854 [INFO] McuFinderGlobals:63 - Set McuFinder mode to 2 (CubeIDE integrated)
2024-09-03 20:09:54,860 [INFO] UserAuth:417 - Internet connection configuration mode: 1
2024-09-03 20:09:54,884 [INFO] JxBrowserEngine:152 - Initiate JxBrowser Engine with user profile folder
2024-09-03 20:09:54,946 [INFO] ServerAccessManage:473 - Download File updaters.zip
2024-09-03 20:09:55,080 [INFO] FileExtend:240 - Unzip File : updaters.zip
2024-09-03 20:09:55,081 [INFO] FileExtend:255 - Standard Zip Deflate
2024-09-03 20:09:55,795 [INFO] ServerAccessManage:473 - Download File PacksControlFlags.xml
2024-09-03 20:09:55,919 [INFO] ServerAccessManage:473 - Download File cubemx.pidx
2024-09-03 20:09:56,081 [INFO] LoadServerUpdatesThread:375 - End of LoadServerUpdate Thread
2024-09-03 20:09:56,279 [INFO] CheckServerUpdateThread:120 - End of CheckServer Thread
2024-09-03 20:09:56,953 [WARN] PackLoader:240 - Cannot read IP mode file for STMicroelectronics.FP-SNS-MOTENVWB1.1.4.0
2024-09-03 20:09:56,974 [WARN] PackLoader:240 - Cannot read IP mode file for STMicroelectronics.X-CUBE-SMBUS.2.1.0
2024-09-03 20:09:57,025 [WARN] PackLoader:240 - Cannot read IP mode file for STMicroelectronics.X-CUBE-AZRTOS-F7.1.1.0
2024-09-03 20:09:57,050 [WARN] PackLoader:240 - Cannot read IP mode file for STMicroelectronics.FP-SNS-MOTENV1.4.3.2
2024-09-03 20:09:57,157 [WARN] PackLoader:240 - Cannot read IP mode file for STMicroelectronics.X-CUBE-MEMS1.11.0.0
2024-09-03 20:09:57,317 [WARN] PackLoader:240 - Cannot read IP mode file for STMicroelectronics.FP-SNS-FLIGHT1.5.0.2
2024-09-03 20:09:57,337 [WARN] PackLoader:240 - Cannot read IP mode file for STMicroelectronics.X-CUBE-DISPLAY.3.0.0
2024-09-03 20:09:57,360 [WARN] PackLoader:240 - Cannot read IP mode file for STMicroelectronics.X-CUBE-BLE1.7.0.0
2024-09-03 20:09:57,377 [WARN] PackLoader:240 - Cannot read IP mode file for emotas.I-CUBE-CANOPEN.1.3.0
2024-09-03 20:09:57,396 [WARN] PackLoader:240 - Cannot read IP mode file for STMicroelectronics.X-CUBE-TOUCHGFX.4.22.1
2024-09-03 20:09:57,419 [WARN] PackLoader:240 - Cannot read IP mode file for STMicroelectronics.X-CUBE-BLEMGR.3.1.0
2024-09-03 20:09:57,440 [WARN] PackLoader:240 - Cannot read IP mode file for STMicroelectronics.FP-SNS-SMARTAG2.1.2.0
2024-09-03 20:09:57,467 [INFO] LogOutputStream:77 - [STDOUT_REDIRECT] 1 : Invalid condition id : UX_CORESTACK_Condition cause : null
2024-09-03 20:09:57,467 [INFO] LogOutputStream:77 - [STDOUT_REDIRECT] 1 : Invalid condition id : UX_CORESTACK_Condition cause : null
2024-09-03 20:09:57,469 [INFO] LogOutputStream:77 - [STDOUT_REDIRECT] 1 : Invalid condition id : UX_CORESTACK_Condition cause : null
2024-09-03 20:09:57,471 [INFO] LogOutputStream:77 - [STDOUT_REDIRECT] 1 : Invalid condition id : UX_CORESTACK_Condition cause : null
2024-09-03 20:09:57,473 [INFO] LogOutputStream:77 - [STDOUT_REDIRECT] 1 : Invalid condition id : UX_CORESTACK_Condition cause : null
2024-09-03 20:09:57,478 [WARN] PackLoader:240 - Cannot read IP mode file for STMicroelectronics.X-CUBE-AZRTOS-WL.2.0.0
2024-09-03 20:09:57,502 [WARN] PackLoader:240 - Cannot read IP mode file for STMicroelectronics.FP-SNS-MOTENV1.5.0.0
2024-09-03 20:09:57,522 [WARN] PackLoader:240 - Cannot read IP mode file for wolfSSL.I-CUBE-wolfMQTT.1.19.0
2024-09-03 20:09:57,543 [WARN] PackLoader:240 - Cannot read IP mode file for WES.I-CUBE-Cesium.1.3.0
2024-09-03 20:09:57,560 [WARN] PackLoader:240 - Cannot read IP mode file for STMicroelectronics.X-CUBE-BLE2.3.3.0
2024-09-03 20:09:57,576 [WARN] PackLoader:240 - Cannot read IP mode file for STMicroelectronics.X-CUBE-TCPP.4.1.0
2024-09-03 20:09:57,595 [WARN] PackLoader:240 - Cannot read IP mode file for STMicroelectronics.X-CUBE-ALGOBUILD.1.3.0
2024-09-03 20:09:57,627 [WARN] PackLoader:240 - Cannot read IP mode file for STMicroelectronics.X-CUBE-AZRTOS-G0.1.1.0
2024-09-03 20:09:57,645 [WARN] PackLoader:240 - Cannot read IP mode file for STMicroelectronics.X-CUBE-SAFEA1.1.2.2
2024-09-03 20:09:57,663 [WARN] PackLoader:240 - Cannot read IP mode file for STMicroelectronics.X-CUBE-NFC4.3.0.0
2024-09-03 20:09:57,680 [WARN] PackLoader:240 - Cannot read IP mode file for EmbeddedOffice.I-CUBE-FS-RTOS.1.0.1
2024-09-03 20:09:57,681 [ERROR] ConditionMgr:805 - Attr not supported : Dmpu
2024-09-03 20:09:57,681 [ERROR] ConditionMgr:805 - Attr not supported : Dmpu
2024-09-03 20:09:57,681 [ERROR] ConditionMgr:805 - Attr not supported : Dmpu
2024-09-03 20:09:57,681 [ERROR] ConditionMgr:805 - Attr not supported : Dmpu
2024-09-03 20:09:57,681 [ERROR] ConditionMgr:805 - Attr not supported : Dmpu
2024-09-03 20:09:57,682 [ERROR] ConditionMgr:805 - Attr not supported : Dmpu
2024-09-03 20:09:57,682 [ERROR] ConditionMgr:805 - Attr not supported : Dmpu
2024-09-03 20:09:57,682 [ERROR] ConditionMgr:805 - Attr not supported : Dmpu
2024-09-03 20:09:57,682 [ERROR] ConditionMgr:805 - Attr not supported : Dmpu
2024-09-03 20:09:57,682 [ERROR] ConditionMgr:805 - Attr not supported : Dmpu
2024-09-03 20:09:57,682 [ERROR] ConditionMgr:805 - Attr not supported : Dmpu
2024-09-03 20:09:57,682 [ERROR] ConditionMgr:805 - Attr not supported : Dmpu
2024-09-03 20:09:57,682 [ERROR] ConditionMgr:805 - Attr not supported : Dmpu
2024-09-03 20:09:57,682 [ERROR] ConditionMgr:805 - Attr not supported : Dmpu
2024-09-03 20:09:57,682 [ERROR] ConditionMgr:805 - Attr not supported : Dmpu
2024-09-03 20:09:57,682 [ERROR] ConditionMgr:805 - Attr not supported : Dmpu
2024-09-03 20:09:57,682 [ERROR] ConditionMgr:805 - Attr not supported : Dmpu
2024-09-03 20:09:57,682 [ERROR] ConditionMgr:805 - Attr not supported : Dmpu
2024-09-03 20:09:57,682 [ERROR] ConditionMgr:805 - Attr not supported : Dmpu
2024-09-03 20:09:57,682 [ERROR] ConditionMgr:805 - Attr not supported : Dmpu
2024-09-03 20:09:57,683 [ERROR] ConditionMgr:805 - Attr not supported : Dmpu
2024-09-03 20:09:57,683 [ERROR] ConditionMgr:805 - Attr not supported : Dmpu
2024-09-03 20:09:57,683 [ERROR] ConditionMgr:805 - Attr not supported : Dmpu
2024-09-03 20:09:57,683 [ERROR] ConditionMgr:805 - Attr not supported : Dmpu
2024-09-03 20:09:57,683 [ERROR] ConditionMgr:805 - Attr not supported : Dmpu
2024-09-03 20:09:57,683 [ERROR] ConditionMgr:805 - Attr not supported : Dmpu
2024-09-03 20:09:57,683 [ERROR] ConditionMgr:805 - Attr not supported : Dmpu
2024-09-03 20:09:57,683 [ERROR] ConditionMgr:805 - Attr not supported : Dmpu
2024-09-03 20:09:57,683 [ERROR] ConditionMgr:805 - Attr not supported : Dmpu
2024-09-03 20:09:57,683 [ERROR] ConditionMgr:805 - Attr not supported : Dmpu
2024-09-03 20:09:57,684 [ERROR] ConditionMgr:805 - Attr not supported : Dmpu
2024-09-03 20:09:57,684 [ERROR] ConditionMgr:805 - Attr not supported : Dmpu
2024-09-03 20:09:57,684 [ERROR] ConditionMgr:805 - Attr not supported : Dmpu
2024-09-03 20:09:57,684 [ERROR] ConditionMgr:805 - Attr not supported : Dmpu
2024-09-03 20:09:57,684 [ERROR] ConditionMgr:805 - Attr not supported : Dmpu
2024-09-03 20:09:57,684 [ERROR] ConditionMgr:805 - Attr not supported : Dmpu
2024-09-03 20:09:57,684 [ERROR] ConditionMgr:805 - Attr not supported : Dmpu
2024-09-03 20:09:57,684 [ERROR] ConditionMgr:805 - Attr not supported : Dmpu
2024-09-03 20:09:57,684 [ERROR] ConditionMgr:805 - Attr not supported : Dmpu
2024-09-03 20:09:57,684 [ERROR] ConditionMgr:805 - Attr not supported : Dmpu
2024-09-03 20:09:57,684 [ERROR] ConditionMgr:805 - Attr not supported : Dmpu
2024-09-03 20:09:57,684 [ERROR] ConditionMgr:805 - Attr not supported : Dmpu
2024-09-03 20:09:57,684 [ERROR] ConditionMgr:805 - Attr not supported : Dmpu
2024-09-03 20:09:57,685 [ERROR] ConditionMgr:805 - Attr not supported : Dmpu
2024-09-03 20:09:57,685 [ERROR] ConditionMgr:805 - Attr not supported : Dmpu
2024-09-03 20:09:57,685 [ERROR] ConditionMgr:805 - Attr not supported : Dmpu
2024-09-03 20:09:57,685 [ERROR] ConditionMgr:805 - Attr not supported : Dmpu
2024-09-03 20:09:57,685 [ERROR] ConditionMgr:805 - Attr not supported : Dmpu
2024-09-03 20:09:57,685 [ERROR] ConditionMgr:805 - Attr not supported : Dmpu
2024-09-03 20:09:57,685 [ERROR] ConditionMgr:805 - Attr not supported : Dmpu
2024-09-03 20:09:57,685 [ERROR] ConditionMgr:805 - Attr not supported : Dmpu
2024-09-03 20:09:57,685 [ERROR] ConditionMgr:805 - Attr not supported : Dmpu
2024-09-03 20:09:57,685 [ERROR] ConditionMgr:805 - Attr not supported : Dmpu
2024-09-03 20:09:57,685 [ERROR] ConditionMgr:805 - Attr not supported : Dmpu
2024-09-03 20:09:57,685 [ERROR] ConditionMgr:805 - Attr not supported : Dmpu
2024-09-03 20:09:57,685 [ERROR] ConditionMgr:805 - Attr not supported : Dmpu
2024-09-03 20:09:57,685 [ERROR] ConditionMgr:805 - Attr not supported : Dmpu
2024-09-03 20:09:57,685 [ERROR] ConditionMgr:805 - Attr not supported : Dmpu
2024-09-03 20:09:57,685 [ERROR] ConditionMgr:805 - Attr not supported : Dmpu
2024-09-03 20:09:57,686 [ERROR] ConditionMgr:805 - Attr not supported : Dmpu
2024-09-03 20:09:57,686 [ERROR] ConditionMgr:805 - Attr not supported : Dmpu
2024-09-03 20:09:57,686 [ERROR] ConditionMgr:805 - Attr not supported : Dmpu
2024-09-03 20:09:57,686 [ERROR] ConditionMgr:805 - Attr not supported : Dmpu
2024-09-03 20:09:57,686 [ERROR] ConditionMgr:805 - Attr not supported : Dmpu
2024-09-03 20:09:57,702 [WARN] PackLoader:240 - Cannot read IP mode file for RealThread.X-CUBE-RT-Thread_Nano.4.1.1
2024-09-03 20:09:57,718 [WARN] PackLoader:240 - Cannot read IP mode file for STMicroelectronics.FP-ATR-SIGFOX1.3.2.0
2024-09-03 20:09:57,733 [WARN] PackLoader:240 - Cannot read IP mode file for STMicroelectronics.X-CUBE-EEPRMA1.5.1.0
2024-09-03 20:09:57,777 [WARN] PackLoader:240 - Cannot read IP mode file for SEGGER.I-CUBE-embOS.1.3.1
2024-09-03 20:09:57,823 [WARN] PackLoader:240 - Cannot read IP mode file for STMicroelectronics.X-CUBE-ALGOBUILD.1.4.0
2024-09-03 20:09:57,839 [WARN] PackLoader:240 - Cannot read IP mode file for STMicroelectronics.X-CUBE-GNSS1.6.0.0
2024-09-03 20:09:57,876 [WARN] PackLoader:240 - Cannot read IP mode file for STMicroelectronics.X-CUBE-AZRTOS-F4.1.1.0
2024-09-03 20:09:57,894 [WARN] PackLoader:240 - Cannot read IP mode file for wolfSSL.I-CUBE-wolfSSL.5.6.3
2024-09-03 20:09:57,910 [WARN] PackLoader:240 - Cannot read IP mode file for STMicroelectronics.X-CUBE-FREERTOS.1.2.0
2024-09-03 20:09:57,945 [WARN] PackLoader:240 - Cannot read IP mode file for STMicroelectronics.X-CUBE-AZRTOS-L5.2.0.0
2024-09-03 20:09:57,968 [WARN] PackLoader:240 - Cannot read IP mode file for STMicroelectronics.X-CUBE-NFC6.3.1.0
2024-09-03 20:09:57,986 [WARN] PackLoader:240 - Cannot read IP mode file for ITTIA_DB.I-CUBE-ITTIADB.8.8.0
2024-09-03 20:09:58,005 [WARN] PackLoader:240 - Cannot read IP mode file for STMicroelectronics.X-CUBE-BLEMGR.2.0.0
2024-09-03 20:09:58,023 [WARN] PackLoader:240 - Cannot read IP mode file for STMicroelectronics.X-CUBE-DPower.1.2.0
2024-09-03 20:09:58,038 [WARN] PackLoader:240 - Cannot read IP mode file for STMicroelectronics.X-CUBE-AI.9.0.0
2024-09-03 20:09:58,072 [WARN] ConditionMgr:438 - getConditionDescription Invalid condition id : UX DEVICE CLASS RTOS Condition cause : null
2024-09-03 20:09:58,072 [WARN] ConditionMgr:438 - getConditionDescription Invalid condition id : UX DEVICE CLASS RTOS Condition cause : null
2024-09-03 20:09:58,078 [WARN] PackLoader:240 - Cannot read IP mode file for STMicroelectronics.X-CUBE-AZRTOS-H7.3.1.0
2024-09-03 20:09:58,079 [WARN] ConditionMgr:1039 - genDependencies : Invalid condition id : UX DEVICE CLASS RTOS Condition cause : null
2024-09-03 20:09:58,080 [WARN] ConditionMgr:1039 - genDependencies : Invalid condition id : UX DEVICE CLASS RTOS Condition cause : null
2024-09-03 20:09:58,081 [WARN] ConditionMgr:1039 - genDependencies : Invalid condition id : UX DEVICE CLASS RTOS Condition cause : null
2024-09-03 20:09:58,081 [WARN] ConditionMgr:1039 - genDependencies : Invalid condition id : UX DEVICE CLASS RTOS Condition cause : null
2024-09-03 20:09:58,081 [WARN] ConditionMgr:1039 - genDependencies : Invalid condition id : UX DEVICE CLASS RTOS Condition cause : null
2024-09-03 20:09:58,098 [WARN] PackLoader:240 - Cannot read IP mode file for STMicroelectronics.X-CUBE-NFC7.1.0.1
2024-09-03 20:09:58,115 [WARN] PackLoader:240 - Cannot read IP mode file for wolfSSL.I-CUBE-wolfTPM.3.2.0
2024-09-03 20:09:58,138 [WARN] PackLoader:240 - Cannot read IP mode file for STMicroelectronics.X-CUBE-NFC6.3.0.0
2024-09-03 20:09:58,161 [WARN] PackLoader:240 - Cannot read IP mode file for STMicroelectronics.X-CUBE-EEPRMA1.4.1.0
2024-09-03 20:09:58,178 [WARN] PackLoader:240 - Cannot read IP mode file for STMicroelectronics.X-CUBE-AI.8.1.0
2024-09-03 20:09:58,213 [WARN] ConditionMgr:438 - getConditionDescription Invalid condition id : LAN8742 Phy interface Condition cause : null
2024-09-03 20:09:58,214 [WARN] PackLoader:240 - Cannot read IP mode file for STMicroelectronics.X-CUBE-AZRTOS-L4.2.0.0
2024-09-03 20:09:58,216 [WARN] ConditionMgr:1039 - genDependencies : Invalid condition id : LAN8742 Phy interface Condition cause : null
2024-09-03 20:09:58,217 [WARN] ConditionMgr:1039 - genDependencies : Invalid condition id : LAN8742 Phy interface Condition cause : null
2024-09-03 20:09:58,217 [WARN] ConditionMgr:1039 - genDependencies : Invalid condition id : LAN8742 Phy interface Condition cause : null
2024-09-03 20:09:58,236 [WARN] PackLoader:240 - Cannot read IP mode file for STMicroelectronics.X-CUBE-SFXS2LP1.4.0.0
2024-09-03 20:09:58,254 [WARN] PackLoader:240 - Cannot read IP mode file for STMicroelectronics.X-CUBE-ISPU.1.1.0
2024-09-03 20:09:58,288 [WARN] PackLoader:240 - Cannot read IP mode file for STMicroelectronics.X-CUBE-AZRTOS-H7.3.3.0
2024-09-03 20:09:58,316 [WARN] ConditionMgr:438 - getConditionDescription Invalid condition id : UX DEVICE CLASS RTOS Condition cause : null
2024-09-03 20:09:58,316 [WARN] ConditionMgr:438 - getConditionDescription Invalid condition id : UX DEVICE CLASS RTOS Condition cause : null
2024-09-03 20:09:58,319 [WARN] PackLoader:240 - Cannot read IP mode file for STMicroelectronics.X-CUBE-AZRTOS-WB.2.0.0
2024-09-03 20:09:58,319 [WARN] ConditionMgr:1039 - genDependencies : Invalid condition id : UX DEVICE CLASS RTOS Condition cause : null
2024-09-03 20:09:58,320 [WARN] ConditionMgr:1039 - genDependencies : Invalid condition id : UX DEVICE CLASS RTOS Condition cause : null
2024-09-03 20:09:58,320 [WARN] ConditionMgr:1039 - genDependencies : Invalid condition id : UX DEVICE CLASS RTOS Condition cause : null
2024-09-03 20:09:58,320 [WARN] ConditionMgr:1039 - genDependencies : Invalid condition id : UX DEVICE CLASS RTOS Condition cause : null
2024-09-03 20:09:58,320 [WARN] ConditionMgr:1039 - genDependencies : Invalid condition id : UX DEVICE CLASS RTOS Condition cause : null
2024-09-03 20:09:58,338 [WARN] PackLoader:240 - Cannot read IP mode file for STMicroelectronics.FP-SNS-STBOX1.2.0.0
2024-09-03 20:09:58,361 [WARN] PackLoader:240 - Cannot read IP mode file for STMicroelectronics.X-CUBE-SUBG2.5.0.0
2024-09-03 20:09:58,377 [WARN] PackLoader:240 - Cannot read IP mode file for Cesanta.I-CUBE-Mongoose.7.13.0
2024-09-03 20:09:58,398 [WARN] PackLoader:240 - Cannot read IP mode file for STMicroelectronics.X-CUBE-TOF1.3.3.1
2024-09-03 20:09:58,430 [WARN] PackLoader:240 - Cannot read IP mode file for STMicroelectronics.X-CUBE-AZRTOS-G4.2.0.0
2024-09-03 20:09:58,455 [WARN] PackLoader:240 - Cannot read IP mode file for Infineon.AIROC-Wi-Fi-Bluetooth-STM32.1.5.1
2024-09-03 20:09:58,473 [WARN] PackLoader:240 - Cannot read IP mode file for STMicroelectronics.X-CUBE-ISPU.2.0.0
2024-09-03 20:09:58,488 [WARN] PackLoader:240 - Cannot read IP mode file for STMicroelectronics.X-CUBE-ALS.1.0.2
2024-09-03 20:09:58,542 [WARN] PackLoader:240 - Cannot read IP mode file for STMicroelectronics.X-CUBE-MEMS1.10.0.0
2024-09-03 20:09:58,666 [WARN] PackLoader:240 - Cannot read IP mode file for STMicroelectronics.X-CUBE-FREERTOS.1.1.0
2024-09-03 20:09:58,700 [WARN] PackLoader:240 - Cannot read IP mode file for STMicroelectronics.X-CUBE-TOUCHGFX.4.24.0
2024-09-03 20:09:58,756 [WARN] PackLoader:240 - Cannot read IP mode file for portGmbH.I-Cube-SoM-uGOAL.1.1.0
2024-09-03 20:09:58,772 [WARN] PackLoader:240 - Cannot read IP mode file for STMicroelectronics.X-CUBE-ALS.1.0.1
2024-09-03 20:09:58,817 [WARN] PackLoader:240 - Cannot read IP mode file for STMicroelectronics.X-CUBE-AZRTOS-H7RS.1.0.0
2024-09-03 20:09:59,003 [WARN] PackLoader:240 - Cannot read IP mode file for STMicroelectronics.FP-ATR-ASTRA1.2.0.0
2024-09-03 20:09:59,041 [WARN] PackLoader:240 - Cannot read IP mode file for STMicroelectronics.X-CUBE-TOF1.3.4.2
2024-09-03 20:09:59,087 [WARN] PackLoader:240 - Cannot read IP mode file for STMicroelectronics.X-CUBE-AZRTOS-H7.3.2.0
2024-09-03 20:09:59,112 [WARN] PackLoader:240 - Cannot read IP mode file for wolfSSL.I-CUBE-wolfSSH.1.4.17
2024-09-03 20:09:59,114 [INFO] ThirdParty:978 - Integrity check success = true
2024-09-03 20:09:59,114 [INFO] IntegrityCheckThread:100 - exiting critical section [integrity check]
2024-09-03 20:09:59,114 [INFO] IntegrityCheckThread:103 - End integrity checks thread
2024-09-03 20:09:59,711 [INFO] WebApp:167 - Instantiating new browser for Auth
2024-09-03 20:10:01,000 [INFO] WebApp:448 - Apply proxy settings
2024-09-03 20:10:01,001 [INFO] WebApp:533 - Chromium requires no authentication
2024-09-03 20:10:01,017 [INFO] WebApp:476 - Direct internet connection detected
2024-09-03 20:10:01,052 [INFO] WebApp:869 - Register for checkConnection events
2024-09-03 20:10:01,053 [INFO] WebApp:448 - Apply proxy settings
2024-09-03 20:10:01,053 [INFO] WebApp:533 - Chromium requires no authentication
2024-09-03 20:10:01,053 [INFO] WebApp:476 - Direct internet connection detected
2024-09-03 20:10:01,321 [INFO] WebApp:220 - Starting web application
2024-09-03 20:10:01,321 [INFO] WebApp:578 - Web application path used C:\ST\STM32CubeIDE_1.16.0\STM32CubeIDE\plugins\com.st.stm32cube.common.mx_6.12.0.202406281431\db\plugins\mcufinder\reactClient1\index.html
2024-09-03 20:10:01,492 [INFO] UserAuth:417 - Internet connection configuration mode: 1
2024-09-03 20:10:01,665 [INFO] WebApp:186 - Connection restablished
